d:\程序\电子散射\电子散射\x64\debug\moc_pictures.obj
d:\程序\电子散射\电子散射\x64\debug\moc_confirm.obj
d:\程序\电子散射\电子散射\x64\debug\moc_drawpic.obj
d:\程序\电子散射\电子散射\x64\debug\moc_initial.obj
d:\程序\电子散射\电子散射\x64\debug\moc_lrqd.obj
d:\程序\电子散射\电子散射\x64\debug\qrc_initial.obj
d:\程序\电子散射\电子散射\x64\debug\moc_data.obj
d:\程序\电子散射\电子散射\x64\debug\pictures.obj
d:\程序\电子散射\电子散射\x64\debug\confirm.obj
d:\程序\电子散射\电子散射\x64\debug\main.obj
d:\程序\电子散射\电子散射\x64\debug\drawpic.obj
d:\程序\电子散射\电子散射\x64\debug\initial.obj
d:\程序\电子散射\电子散射\x64\debug\lrqd.obj
d:\程序\电子散射\电子散射\x64\debug\data.obj
d:\程序\电子散射\电子散射\x64\debug\vc142.pdb
d:\程序\电子散射\x64\debug\电子散射.exe
d:\程序\电子散射\x64\debug\电子散射.ilk
d:\程序\电子散射\x64\debug\电子散射.pdb
d:\程序\电子散射\电子散射\x64\debug\moc\moc_initial.cpp
d:\程序\电子散射\电子散射\x64\debug\moc\moc_data.cpp
d:\程序\电子散射\电子散射\x64\debug\moc\moc_confirm.cpp
d:\程序\电子散射\电子散射\x64\debug\moc\moc_drawpic.cpp
d:\程序\电子散射\电子散射\x64\debug\moc\moc_lrqd.cpp
d:\程序\电子散射\电子散射\x64\debug\moc\moc_pictures.cpp
d:\程序\电子散射\电子散射\x64\debug\rcc\qrc_initial.cpp
d:\程序\电子散射\电子散射\x64\debug\uic\ui_initial.h
d:\程序\电子散射\电子散射\x64\debug\uic\ui_confirm.h
d:\程序\电子散射\电子散射\x64\debug\uic\ui_data.h
d:\程序\电子散射\电子散射\x64\debug\uic\ui_drawpic.h
d:\程序\电子散射\电子散射\x64\debug\uic\ui_lrqd.h
d:\程序\电子散射\电子散射\x64\debug\uic\ui_pictures.h
d:\程序\电子散射\电子散射\x64\debug\电子散射.tlog\cl.command.1.tlog
d:\程序\电子散射\电子散射\x64\debug\电子散射.tlog\cl.read.1.tlog
d:\程序\电子散射\电子散射\x64\debug\电子散射.tlog\cl.write.1.tlog
d:\程序\电子散射\电子散射\x64\debug\电子散射.tlog\link.command.1.tlog
d:\程序\电子散射\电子散射\x64\debug\电子散射.tlog\link.read.1.tlog
d:\程序\电子散射\电子散射\x64\debug\电子散射.tlog\link.write.1.tlog
d:\程序\电子散射\电子散射\x64\debug\电子散射.tlog\moc.read.1u.tlog
d:\程序\电子散射\电子散射\x64\debug\电子散射.tlog\moc.write.1u.tlog
d:\程序\电子散射\电子散射\x64\debug\电子散射.tlog\rcc.read.1u.tlog
d:\程序\电子散射\电子散射\x64\debug\电子散射.tlog\rcc.write.1u.tlog
d:\程序\电子散射\电子散射\x64\debug\电子散射.tlog\uic.read.1u.tlog
d:\程序\电子散射\电子散射\x64\debug\电子散射.tlog\uic.write.1u.tlog
d:\程序\电子散射\电子散射\x64\debug\电子散射.tlog\电子散射.write.1u.tlog
